Analysis & Synthesis report for core
Fri May 22 22:37:29 2015
Quartus II 64-Bit Version 14.0.0 Build 200 06/17/2014 SJ Web Edition


---------------------
; Table of Contents ;
---------------------
  1. Legal Notice
  2. Analysis & Synthesis Summary
  3. Analysis & Synthesis Settings
  4. Parallel Compilation
  5. Analysis & Synthesis Source Files Read
  6. Analysis & Synthesis Resource Usage Summary
  7. Analysis & Synthesis Resource Utilization by Entity
  8. Analysis & Synthesis RAM Summary
  9. Registers Removed During Synthesis
 10. Removed Registers Triggering Further Register Optimizations
 11. General Register Statistics
 12. Multiplexer Restructuring Statistics (Restructuring Performed)
 13. Source assignments for instr_mem:imem|altsyncram:mem[0].opcode[4]__1|altsyncram_42e1:auto_generated
 14. Parameter Settings for User Entity Instance: Top-level Entity: |core
 15. Parameter Settings for User Entity Instance: instr_mem:imem
 16. Parameter Settings for User Entity Instance: instr_mem:imem|altsyncram:mem[0].opcode[4]__1
 17. Parameter Settings for User Entity Instance: reg_file:rf
 18. Parameter Settings for Inferred Entity Instance: lpm_divide:Mod0
 19. altsyncram Parameter Settings by Entity Instance
 20. Port Connectivity Checks: "cl_decode:decode"
 21. Post-Synthesis Netlist Statistics for Top Partition
 22. Elapsed Time Per Partition
 23. Analysis & Synthesis Messages
 24. Analysis & Synthesis Suppressed Messages



----------------
; Legal Notice ;
----------------
Copyright (C) 1991-2014 Altera Corporation. All rights reserved.
Your use of Altera Corporation's design tools, logic functions 
and other software and tools, and its AMPP partner logic 
functions, and any output files from any of the foregoing 
(including device programming or simulation files), and any 
associated documentation or information are expressly subject 
to the terms and conditions of the Altera Program License 
Subscription Agreement, the Altera Quartus II License Agreement,
the Altera MegaCore Function License Agreement, or other 
applicable license agreement, including, without limitation, 
that your use is for the sole purpose of programming logic 
devices manufactured by Altera and sold by Altera or its 
authorized distributors.  Please refer to the applicable 
agreement for further details.



+---------------------------------------------------------------------------------+
; Analysis & Synthesis Summary                                                    ;
+------------------------------------+--------------------------------------------+
; Analysis & Synthesis Status        ; Successful - Fri May 22 22:37:29 2015      ;
; Quartus II 64-Bit Version          ; 14.0.0 Build 200 06/17/2014 SJ Web Edition ;
; Revision Name                      ; core                                       ;
; Top-level Entity Name              ; core                                       ;
; Family                             ; Cyclone IV E                               ;
; Total logic elements               ; 6,063                                      ;
;     Total combinational functions  ; 4,047                                      ;
;     Dedicated logic registers      ; 2,187                                      ;
; Total registers                    ; 2187                                       ;
; Total pins                         ; 272                                        ;
; Total virtual pins                 ; 0                                          ;
; Total memory bits                  ; 16,384                                     ;
; Embedded Multiplier 9-bit elements ; 0                                          ;
; Total PLLs                         ; 0                                          ;
+------------------------------------+--------------------------------------------+


+----------------------------------------------------------------------------------------------------------------------+
; Analysis & Synthesis Settings                                                                                        ;
+----------------------------------------------------------------------------+--------------------+--------------------+
; Option                                                                     ; Setting            ; Default Value      ;
+----------------------------------------------------------------------------+--------------------+--------------------+
; Device                                                                     ; EP4CE40F29C6       ;                    ;
; Top-level entity name                                                      ; core               ; core               ;
; Family name                                                                ; Cyclone IV E       ; Cyclone IV GX      ;
; Use smart compilation                                                      ; Off                ; Off                ;
; Enable parallel Assembler and TimeQuest Timing Analyzer during compilation ; On                 ; On                 ;
; Enable compact report table                                                ; Off                ; Off                ;
; Restructure Multiplexers                                                   ; Auto               ; Auto               ;
; Create Debugging Nodes for IP Cores                                        ; Off                ; Off                ;
; Preserve fewer node names                                                  ; On                 ; On                 ;
; Disable OpenCore Plus hardware evaluation                                  ; Off                ; Off                ;
; Verilog Version                                                            ; Verilog_2001       ; Verilog_2001       ;
; VHDL Version                                                               ; VHDL_1993          ; VHDL_1993          ;
; State Machine Processing                                                   ; Auto               ; Auto               ;
; Safe State Machine                                                         ; Off                ; Off                ;
; Extract Verilog State Machines                                             ; On                 ; On                 ;
; Extract VHDL State Machines                                                ; On                 ; On                 ;
; Ignore Verilog initial constructs                                          ; Off                ; Off                ;
; Iteration limit for constant Verilog loops                                 ; 5000               ; 5000               ;
; Iteration limit for non-constant Verilog loops                             ; 250                ; 250                ;
; Add Pass-Through Logic to Inferred RAMs                                    ; On                 ; On                 ;
; Infer RAMs from Raw Logic                                                  ; On                 ; On                 ;
; Parallel Synthesis                                                         ; On                 ; On                 ;
; DSP Block Balancing                                                        ; Auto               ; Auto               ;
; NOT Gate Push-Back                                                         ; On                 ; On                 ;
; Power-Up Don't Care                                                        ; On                 ; On                 ;
; Remove Redundant Logic Cells                                               ; Off                ; Off                ;
; Remove Duplicate Registers                                                 ; On                 ; On                 ;
; Ignore CARRY Buffers                                                       ; Off                ; Off                ;
; Ignore CASCADE Buffers                                                     ; Off                ; Off                ;
; Ignore GLOBAL Buffers                                                      ; Off                ; Off                ;
; Ignore ROW GLOBAL Buffers                                                  ; Off                ; Off                ;
; Ignore LCELL Buffers                                                       ; Off                ; Off                ;
; Ignore SOFT Buffers                                                        ; On                 ; On                 ;
; Limit AHDL Integers to 32 Bits                                             ; Off                ; Off                ;
; Optimization Technique                                                     ; Balanced           ; Balanced           ;
; Carry Chain Length                                                         ; 70                 ; 70                 ;
; Auto Carry Chains                                                          ; On                 ; On                 ;
; Auto Open-Drain Pins                                                       ; On                 ; On                 ;
; Perform WYSIWYG Primitive Resynthesis                                      ; Off                ; Off                ;
; Auto ROM Replacement                                                       ; On                 ; On                 ;
; Auto RAM Replacement                                                       ; On                 ; On                 ;
; Auto DSP Block Replacement                                                 ; On                 ; On                 ;
; Auto Shift Register Replacement                                            ; Auto               ; Auto               ;
; Allow Shift Register Merging across Hierarchies                            ; Auto               ; Auto               ;
; Auto Clock Enable Replacement                                              ; On                 ; On                 ;
; Strict RAM Replacement                                                     ; Off                ; Off                ;
; Allow Synchronous Control Signals                                          ; On                 ; On                 ;
; Force Use of Synchronous Clear Signals                                     ; Off                ; Off                ;
; Auto RAM Block Balancing                                                   ; On                 ; On                 ;
; Auto RAM to Logic Cell Conversion                                          ; Off                ; Off                ;
; Auto Resource Sharing                                                      ; Off                ; Off                ;
; Allow Any RAM Size For Recognition                                         ; Off                ; Off                ;
; Allow Any ROM Size For Recognition                                         ; Off                ; Off                ;
; Allow Any Shift Register Size For Recognition                              ; Off                ; Off                ;
; Use LogicLock Constraints during Resource Balancing                        ; On                 ; On                 ;
; Ignore translate_off and synthesis_off directives                          ; Off                ; Off                ;
; Timing-Driven Synthesis                                                    ; On                 ; On                 ;
; Report Parameter Settings                                                  ; On                 ; On                 ;
; Report Source Assignments                                                  ; On                 ; On                 ;
; Report Connectivity Checks                                                 ; On                 ; On                 ;
; Ignore Maximum Fan-Out Assignments                                         ; Off                ; Off                ;
; Synchronization Register Chain Length                                      ; 2                  ; 2                  ;
; PowerPlay Power Optimization                                               ; Normal compilation ; Normal compilation ;
; HDL message level                                                          ; Level2             ; Level2             ;
; Suppress Register Optimization Related Messages                            ; Off                ; Off                ;
; Number of Removed Registers Reported in Synthesis Report                   ; 5000               ; 5000               ;
; Number of Swept Nodes Reported in Synthesis Report                         ; 5000               ; 5000               ;
; Number of Inverted Registers Reported in Synthesis Report                  ; 100                ; 100                ;
; Clock MUX Protection                                                       ; On                 ; On                 ;
; Auto Gated Clock Conversion                                                ; Off                ; Off                ;
; Block Design Naming                                                        ; Auto               ; Auto               ;
; SDC constraint protection                                                  ; Off                ; Off                ;
; Synthesis Effort                                                           ; Auto               ; Auto               ;
; Shift Register Replacement - Allow Asynchronous Clear Signal               ; On                 ; On                 ;
; Pre-Mapping Resynthesis Optimization                                       ; Off                ; Off                ;
; Analysis & Synthesis Message Level                                         ; Medium             ; Medium             ;
; Disable Register Merging Across Hierarchies                                ; Auto               ; Auto               ;
; Resource Aware Inference For Block RAM                                     ; On                 ; On                 ;
; Synthesis Seed                                                             ; 1                  ; 1                  ;
+----------------------------------------------------------------------------+--------------------+--------------------+


Parallel compilation was disabled, but you have multiple processors available. Enable parallel compilation to reduce compilation time.
+-------------------------------------+
; Parallel Compilation                ;
+----------------------------+--------+
; Processors                 ; Number ;
+----------------------------+--------+
; Number detected on machine ; 2      ;
; Maximum allowed            ; 1      ;
+----------------------------+--------+


+--------------------------------------------------------------------------------------------------------------------------------------------------------------------+
; Analysis & Synthesis Source Files Read                                                                                                                             ;
+----------------------------------+-----------------+------------------------------+----------------------------------------------------------------------+---------+
; File Name with User-Entered Path ; Used in Netlist ; File Type                    ; File Name with Absolute Path                                         ; Library ;
+----------------------------------+-----------------+------------------------------+----------------------------------------------------------------------+---------+
; reg_file.sv                      ; yes             ; User SystemVerilog HDL File  ; //psf/Home/Desktop/CSE/CSE141L/LAB3/lab3/reg_file.sv                 ;         ;
; instr_mem.sv                     ; yes             ; User SystemVerilog HDL File  ; //psf/Home/Desktop/CSE/CSE141L/LAB3/lab3/instr_mem.sv                ;         ;
; definitions.sv                   ; yes             ; User SystemVerilog HDL File  ; //psf/Home/Desktop/CSE/CSE141L/LAB3/lab3/definitions.sv              ;         ;
; core.sv                          ; yes             ; User SystemVerilog HDL File  ; //psf/Home/Desktop/CSE/CSE141L/LAB3/lab3/core.sv                     ;         ;
; cl_state_machine.sv              ; yes             ; User SystemVerilog HDL File  ; //psf/Home/Desktop/CSE/CSE141L/LAB3/lab3/cl_state_machine.sv         ;         ;
; cl_decode.sv                     ; yes             ; User SystemVerilog HDL File  ; //psf/Home/Desktop/CSE/CSE141L/LAB3/lab3/cl_decode.sv                ;         ;
; alu.sv                           ; yes             ; User SystemVerilog HDL File  ; //psf/Home/Desktop/CSE/CSE141L/LAB3/lab3/alu.sv                      ;         ;
; altsyncram.tdf                   ; yes             ; Megafunction                 ; c:/altera/14.0/quartus/libraries/megafunctions/altsyncram.tdf        ;         ;
; stratix_ram_block.inc            ; yes             ; Megafunction                 ; c:/altera/14.0/quartus/libraries/megafunctions/stratix_ram_block.inc ;         ;
; lpm_mux.inc                      ; yes             ; Megafunction                 ; c:/altera/14.0/quartus/libraries/megafunctions/lpm_mux.inc           ;         ;
; lpm_decode.inc                   ; yes             ; Megafunction                 ; c:/altera/14.0/quartus/libraries/megafunctions/lpm_decode.inc        ;         ;
; aglobal140.inc                   ; yes             ; Megafunction                 ; c:/altera/14.0/quartus/libraries/megafunctions/aglobal140.inc        ;         ;
; a_rdenreg.inc                    ; yes             ; Megafunction                 ; c:/altera/14.0/quartus/libraries/megafunctions/a_rdenreg.inc         ;         ;
; altrom.inc                       ; yes             ; Megafunction                 ; c:/altera/14.0/quartus/libraries/megafunctions/altrom.inc            ;         ;
; altram.inc                       ; yes             ; Megafunction                 ; c:/altera/14.0/quartus/libraries/megafunctions/altram.inc            ;         ;
; altdpram.inc                     ; yes             ; Megafunction                 ; c:/altera/14.0/quartus/libraries/megafunctions/altdpram.inc          ;         ;
; db/altsyncram_42e1.tdf           ; yes             ; Auto-Generated Megafunction  ; //psf/Home/Desktop/CSE/CSE141L/LAB3/lab3/db/altsyncram_42e1.tdf      ;         ;
; lpm_divide.tdf                   ; yes             ; Megafunction                 ; c:/altera/14.0/quartus/libraries/megafunctions/lpm_divide.tdf        ;         ;
; abs_divider.inc                  ; yes             ; Megafunction                 ; c:/altera/14.0/quartus/libraries/megafunctions/abs_divider.inc       ;         ;
; sign_div_unsign.inc              ; yes             ; Megafunction                 ; c:/altera/14.0/quartus/libraries/megafunctions/sign_div_unsign.inc   ;         ;
; db/lpm_divide_f9m.tdf            ; yes             ; Auto-Generated Megafunction  ; //psf/Home/Desktop/CSE/CSE141L/LAB3/lab3/db/lpm_divide_f9m.tdf       ;         ;
; db/sign_div_unsign_4kh.tdf       ; yes             ; Auto-Generated Megafunction  ; //psf/Home/Desktop/CSE/CSE141L/LAB3/lab3/db/sign_div_unsign_4kh.tdf  ;         ;
; db/alt_u_div_s3f.tdf             ; yes             ; Auto-Generated Megafunction  ; //psf/Home/Desktop/CSE/CSE141L/LAB3/lab3/db/alt_u_div_s3f.tdf        ;         ;
; db/add_sub_7pc.tdf               ; yes             ; Auto-Generated Megafunction  ; //psf/Home/Desktop/CSE/CSE141L/LAB3/lab3/db/add_sub_7pc.tdf          ;         ;
; db/add_sub_8pc.tdf               ; yes             ; Auto-Generated Megafunction  ; //psf/Home/Desktop/CSE/CSE141L/LAB3/lab3/db/add_sub_8pc.tdf          ;         ;
+----------------------------------+-----------------+------------------------------+----------------------------------------------------------------------+---------+


+---------------------------------------------------------+
; Analysis & Synthesis Resource Usage Summary             ;
+---------------------------------------------+-----------+
; Resource                                    ; Usage     ;
+---------------------------------------------+-----------+
; Estimated Total logic elements              ; 6,063     ;
;                                             ;           ;
; Total combinational functions               ; 4047      ;
; Logic element usage by number of LUT inputs ;           ;
;     -- 4 input functions                    ; 3458      ;
;     -- 3 input functions                    ; 428       ;
;     -- <=2 input functions                  ; 161       ;
;                                             ;           ;
; Logic elements by mode                      ;           ;
;     -- normal mode                          ; 3902      ;
;     -- arithmetic mode                      ; 145       ;
;                                             ;           ;
; Total registers                             ; 2187      ;
;     -- Dedicated logic registers            ; 2187      ;
;     -- I/O registers                        ; 0         ;
;                                             ;           ;
; I/O pins                                    ; 272       ;
; Total memory bits                           ; 16384     ;
; Embedded Multiplier 9-bit elements          ; 0         ;
; Maximum fan-out node                        ; clk~input ;
; Maximum fan-out                             ; 2203      ;
; Total fan-out                               ; 22649     ;
; Average fan-out                             ; 3.33      ;
+---------------------------------------------+-----------+


+------------------------------------------------------------------------------------------------------------------------------------------------------------------------------------------------------------------------------------------------------------------------------+
; Analysis & Synthesis Resource Utilization by Entity                                                                                                                                                                                                                          ;
+-------------------------------------------+-------------------+--------------+-------------+--------------+---------+-----------+------+--------------+-------------------------------------------------------------------------------------------------------+--------------+
; Compilation Hierarchy Node                ; LC Combinationals ; LC Registers ; Memory Bits ; DSP Elements ; DSP 9x9 ; DSP 18x18 ; Pins ; Virtual Pins ; Full Hierarchy Name                                                                                   ; Library Name ;
+-------------------------------------------+-------------------+--------------+-------------+--------------+---------+-----------+------+--------------+-------------------------------------------------------------------------------------------------------+--------------+
; |core                                     ; 4047 (288)        ; 2187 (139)   ; 16384       ; 0            ; 0       ; 0         ; 272  ; 0            ; |core                                                                                                 ; work         ;
;    |alu:alu_1|                            ; 978 (978)         ; 0 (0)        ; 0           ; 0            ; 0       ; 0         ; 0    ; 0            ; |core|alu:alu_1                                                                                       ; work         ;
;    |cl_state_machine:state_machine|       ; 6 (6)             ; 0 (0)        ; 0           ; 0            ; 0       ; 0         ; 0    ; 0            ; |core|cl_state_machine:state_machine                                                                  ; work         ;
;    |instr_mem:imem|                       ; 0 (0)             ; 0 (0)        ; 16384       ; 0            ; 0       ; 0         ; 0    ; 0            ; |core|instr_mem:imem                                                                                  ; work         ;
;       |altsyncram:mem[0].opcode[4]__1|    ; 0 (0)             ; 0 (0)        ; 16384       ; 0            ; 0       ; 0         ; 0    ; 0            ; |core|instr_mem:imem|altsyncram:mem[0].opcode[4]__1                                                   ; work         ;
;          |altsyncram_42e1:auto_generated| ; 0 (0)             ; 0 (0)        ; 16384       ; 0            ; 0       ; 0         ; 0    ; 0            ; |core|instr_mem:imem|altsyncram:mem[0].opcode[4]__1|altsyncram_42e1:auto_generated                    ; work         ;
;    |lpm_divide:Mod0|                      ; 7 (0)             ; 0 (0)        ; 0           ; 0            ; 0       ; 0         ; 0    ; 0            ; |core|lpm_divide:Mod0                                                                                 ; work         ;
;       |lpm_divide_f9m:auto_generated|     ; 7 (0)             ; 0 (0)        ; 0           ; 0            ; 0       ; 0         ; 0    ; 0            ; |core|lpm_divide:Mod0|lpm_divide_f9m:auto_generated                                                   ; work         ;
;          |sign_div_unsign_4kh:divider|    ; 7 (0)             ; 0 (0)        ; 0           ; 0            ; 0       ; 0         ; 0    ; 0            ; |core|lpm_divide:Mod0|lpm_divide_f9m:auto_generated|sign_div_unsign_4kh:divider                       ; work         ;
;             |alt_u_div_s3f:divider|       ; 7 (7)             ; 0 (0)        ; 0           ; 0            ; 0       ; 0         ; 0    ; 0            ; |core|lpm_divide:Mod0|lpm_divide_f9m:auto_generated|sign_div_unsign_4kh:divider|alt_u_div_s3f:divider ; work         ;
;    |reg_file:rf|                          ; 2768 (2768)       ; 2048 (2048)  ; 0           ; 0            ; 0       ; 0         ; 0    ; 0            ; |core|reg_file:rf                                                                                     ; work         ;
+-------------------------------------------+-------------------+--------------+-------------+--------------+---------+-----------+------+--------------+-------------------------------------------------------------------------------------------------------+--------------+
Note: For table entries with two numbers listed, the numbers in parentheses indicate the number of resources of the given type used by the specific entity alone. The numbers listed outside of parentheses indicate the total resources of the given type used by the specific entity and all of its sub-entities in the hierarchy.


+----------------------------------------------------------------------------------------------------------------------------------------------------------------------------------------------+
; Analysis & Synthesis RAM Summary                                                                                                                                                             ;
+-----------------------------------------------------------------------------------------+------+------------------+--------------+--------------+--------------+--------------+-------+------+
; Name                                                                                    ; Type ; Mode             ; Port A Depth ; Port A Width ; Port B Depth ; Port B Width ; Size  ; MIF  ;
+-----------------------------------------------------------------------------------------+------+------------------+--------------+--------------+--------------+--------------+-------+------+
; instr_mem:imem|altsyncram:mem[0].opcode[4]__1|altsyncram_42e1:auto_generated|ALTSYNCRAM ; AUTO ; Simple Dual Port ; 1024         ; 16           ; 1024         ; 16           ; 16384 ; None ;
+-----------------------------------------------------------------------------------------+------+------------------+--------------+--------------+--------------+--------------+-------+------+


+--------------------------------------------------------------------------------+
; Registers Removed During Synthesis                                             ;
+---------------------------------------+----------------------------------------+
; Register name                         ; Reason for Removal                     ;
+---------------------------------------+----------------------------------------+
; id_exe_i.ctrl.is_load_op_c            ; Merged with id_exe_i.ctrl.is_byte_op_c ;
; id_exe_i.ctrl.is_mem_op_c             ; Merged with id_exe_i.ctrl.is_byte_op_c ;
; id_exe_i.ctrl.is_store_op_c           ; Merged with id_exe_i.ctrl.is_byte_op_c ;
; id_exe_i.ctrl.op_writes_rf_c          ; Merged with id_exe_i.ctrl.is_byte_op_c ;
; id_exe_i.ctrl.is_byte_op_c            ; Stuck at GND due to stuck port data_in ;
; mem_stage_r[0]                        ; Stuck at GND due to stuck port data_in ;
; Total Number of Removed Registers = 6 ;                                        ;
+---------------------------------------+----------------------------------------+


+-------------------------------------------------------------------------------------------------+
; Removed Registers Triggering Further Register Optimizations                                     ;
+----------------------------+---------------------------+----------------------------------------+
; Register name              ; Reason for Removal        ; Registers Removed due to This Register ;
+----------------------------+---------------------------+----------------------------------------+
; id_exe_i.ctrl.is_byte_op_c ; Stuck at GND              ; mem_stage_r[0]                         ;
;                            ; due to stuck port data_in ;                                        ;
+----------------------------+---------------------------+----------------------------------------+


+------------------------------------------------------+
; General Register Statistics                          ;
+----------------------------------------------+-------+
; Statistic                                    ; Value ;
+----------------------------------------------+-------+
; Total registers                              ; 2187  ;
; Number of registers using Synchronous Clear  ; 28    ;
; Number of registers using Synchronous Load   ; 0     ;
; Number of registers using Asynchronous Clear ; 0     ;
; Number of registers using Asynchronous Load  ; 0     ;
; Number of registers using Clock Enable       ; 2164  ;
; Number of registers using Preset             ; 0     ;
+----------------------------------------------+-------+


+----------------------------------------------------------------------------------------------------------------------------------------------------+
; Multiplexer Restructuring Statistics (Restructuring Performed)                                                                                     ;
+--------------------+-----------+---------------+----------------------+------------------------+------------+--------------------------------------+
; Multiplexer Inputs ; Bus Width ; Baseline Area ; Area if Restructured ; Saving if Restructured ; Registered ; Example Multiplexer Output           ;
+--------------------+-----------+---------------+----------------------+------------------------+------------+--------------------------------------+
; 3:1                ; 10 bits   ; 20 LEs        ; 10 LEs               ; 10 LEs                 ; Yes        ; |core|PC_r[0]                        ;
; 3:1                ; 3 bits    ; 6 LEs         ; 3 LEs                ; 3 LEs                  ; Yes        ; |core|barrier_mask_r[1]              ;
; 4:1                ; 36 bits   ; 72 LEs        ; 36 LEs               ; 36 LEs                 ; Yes        ; |core|id_exe_i.instruction.rs_imm[1] ;
; 4:1                ; 3 bits    ; 6 LEs         ; 6 LEs                ; 0 LEs                  ; Yes        ; |core|barrier_r[0]                   ;
; 5:1                ; 32 bits   ; 96 LEs        ; 32 LEs               ; 64 LEs                 ; Yes        ; |core|id_exe_i.rs_val[4]             ;
; 5:1                ; 32 bits   ; 96 LEs        ; 32 LEs               ; 64 LEs                 ; Yes        ; |core|id_exe_i.rd_val[1]             ;
; 3:1                ; 4 bits    ; 8 LEs         ; 8 LEs                ; 0 LEs                  ; No         ; |core|alu:alu_1|ShiftRight0          ;
; 3:1                ; 16 bits   ; 32 LEs        ; 16 LEs               ; 16 LEs                 ; No         ; |core|alu:alu_1|ShiftLeft1           ;
; 3:1                ; 22 bits   ; 44 LEs        ; 44 LEs               ; 0 LEs                  ; No         ; |core|rf_wd[12]                      ;
; 4:1                ; 2 bits    ; 4 LEs         ; 4 LEs                ; 0 LEs                  ; No         ; |core|alu:alu_1|ShiftRight0          ;
; 4:1                ; 8 bits    ; 16 LEs        ; 16 LEs               ; 0 LEs                  ; No         ; |core|alu:alu_1|ShiftLeft1           ;
; 4:1                ; 10 bits   ; 20 LEs        ; 20 LEs               ; 0 LEs                  ; No         ; |core|rf_wd[1]                       ;
; 5:1                ; 4 bits    ; 12 LEs        ; 12 LEs               ; 0 LEs                  ; No         ; |core|alu:alu_1|ShiftLeft1           ;
; 6:1                ; 4 bits    ; 16 LEs        ; 16 LEs               ; 0 LEs                  ; No         ; |core|alu:alu_1|ShiftLeft1           ;
; 5:1                ; 10 bits   ; 30 LEs        ; 30 LEs               ; 0 LEs                  ; No         ; |core|PC_n[9]                        ;
; 244:1              ; 15 bits   ; 2430 LEs      ; 120 LEs              ; 2310 LEs               ; No         ; |core|alu:alu_1|Selector19           ;
; 245:1              ; 8 bits    ; 1304 LEs      ; 88 LEs               ; 1216 LEs               ; No         ; |core|alu:alu_1|Selector15           ;
; 246:1              ; 4 bits    ; 656 LEs       ; 40 LEs               ; 616 LEs                ; No         ; |core|alu:alu_1|Selector5            ;
; 247:1              ; 3 bits    ; 492 LEs       ; 36 LEs               ; 456 LEs                ; No         ; |core|alu:alu_1|Selector3            ;
+--------------------+-----------+---------------+----------------------+------------------------+------------+--------------------------------------+


+-----------------------------------------------------------------------------------------------------+
; Source assignments for instr_mem:imem|altsyncram:mem[0].opcode[4]__1|altsyncram_42e1:auto_generated ;
+---------------------------------+--------------------+------+---------------------------------------+
; Assignment                      ; Value              ; From ; To                                    ;
+---------------------------------+--------------------+------+---------------------------------------+
; OPTIMIZE_POWER_DURING_SYNTHESIS ; NORMAL_COMPILATION ; -    ; -                                     ;
+---------------------------------+--------------------+------+---------------------------------------+


+----------------------------------------------------------------------+
; Parameter Settings for User Entity Instance: Top-level Entity: |core ;
+-------------------+------------+-------------------------------------+
; Parameter Name    ; Value      ; Type                                ;
+-------------------+------------+-------------------------------------+
; imem_addr_width_p ; 10         ; Signed Integer                      ;
; net_ID_p          ; 0000000001 ; Unsigned Binary                     ;
+-------------------+------------+-------------------------------------+
Note: In order to hide this table in the UI and the text report file, please set the "Show Parameter Settings in Synthesis Report" option in "Analysis and Synthesis Settings -> More Settings" to "Off".


+-------------------------------------------------------------+
; Parameter Settings for User Entity Instance: instr_mem:imem ;
+----------------+-------+------------------------------------+
; Parameter Name ; Value ; Type                               ;
+----------------+-------+------------------------------------+
; addr_width_p   ; 10    ; Signed Integer                     ;
+----------------+-------+------------------------------------+
Note: In order to hide this table in the UI and the text report file, please set the "Show Parameter Settings in Synthesis Report" option in "Analysis and Synthesis Settings -> More Settings" to "Off".


+--------------------------------------------------------------------------------------------+
; Parameter Settings for User Entity Instance: instr_mem:imem|altsyncram:mem[0].opcode[4]__1 ;
+------------------------------------+----------------------+--------------------------------+
; Parameter Name                     ; Value                ; Type                           ;
+------------------------------------+----------------------+--------------------------------+
; BYTE_SIZE_BLOCK                    ; 8                    ; Untyped                        ;
; AUTO_CARRY_CHAINS                  ; ON                   ; AUTO_CARRY                     ;
; IGNORE_CARRY_BUFFERS               ; OFF                  ; IGNORE_CARRY                   ;
; AUTO_CASCADE_CHAINS                ; ON                   ; AUTO_CASCADE                   ;
; IGNORE_CASCADE_BUFFERS             ; OFF                  ; IGNORE_CASCADE                 ;
; WIDTH_BYTEENA                      ; 1                    ; Untyped                        ;
; OPERATION_MODE                     ; DUAL_PORT            ; Untyped                        ;
; WIDTH_A                            ; 16                   ; Untyped                        ;
; WIDTHAD_A                          ; 10                   ; Untyped                        ;
; NUMWORDS_A                         ; 1024                 ; Untyped                        ;
; OUTDATA_REG_A                      ; UNREGISTERED         ; Untyped                        ;
; ADDRESS_ACLR_A                     ; NONE                 ; Untyped                        ;
; OUTDATA_ACLR_A                     ; NONE                 ; Untyped                        ;
; WRCONTROL_ACLR_A                   ; NONE                 ; Untyped                        ;
; INDATA_ACLR_A                      ; NONE                 ; Untyped                        ;
; BYTEENA_ACLR_A                     ; NONE                 ; Untyped                        ;
; WIDTH_B                            ; 16                   ; Untyped                        ;
; WIDTHAD_B                          ; 10                   ; Untyped                        ;
; NUMWORDS_B                         ; 1024                 ; Untyped                        ;
; INDATA_REG_B                       ; CLOCK1               ; Untyped                        ;
; WRCONTROL_WRADDRESS_REG_B          ; CLOCK1               ; Untyped                        ;
; RDCONTROL_REG_B                    ; CLOCK1               ; Untyped                        ;
; ADDRESS_REG_B                      ; CLOCK1               ; Untyped                        ;
; OUTDATA_REG_B                      ; UNREGISTERED         ; Untyped                        ;
; BYTEENA_REG_B                      ; CLOCK1               ; Untyped                        ;
; INDATA_ACLR_B                      ; NONE                 ; Untyped                        ;
; WRCONTROL_ACLR_B                   ; NONE                 ; Untyped                        ;
; ADDRESS_ACLR_B                     ; NONE                 ; Untyped                        ;
; OUTDATA_ACLR_B                     ; NONE                 ; Untyped                        ;
; RDCONTROL_ACLR_B                   ; NONE                 ; Untyped                        ;
; BYTEENA_ACLR_B                     ; NONE                 ; Untyped                        ;
; WIDTH_BYTEENA_A                    ; 1                    ; Untyped                        ;
; WIDTH_BYTEENA_B                    ; 1                    ; Untyped                        ;
; RAM_BLOCK_TYPE                     ; AUTO                 ; Untyped                        ;
; BYTE_SIZE                          ; 8                    ; Untyped                        ;
; READ_DURING_WRITE_MODE_MIXED_PORTS ; DONT_CARE            ; Untyped                        ;
; READ_DURING_WRITE_MODE_PORT_A      ; NEW_DATA_NO_NBE_READ ; Untyped                        ;
; READ_DURING_WRITE_MODE_PORT_B      ; NEW_DATA_NO_NBE_READ ; Untyped                        ;
; INIT_FILE                          ; UNUSED               ; Untyped                        ;
; INIT_FILE_LAYOUT                   ; PORT_A               ; Untyped                        ;
; MAXIMUM_DEPTH                      ; 0                    ; Untyped                        ;
; CLOCK_ENABLE_INPUT_A               ; NORMAL               ; Untyped                        ;
; CLOCK_ENABLE_INPUT_B               ; NORMAL               ; Untyped                        ;
; CLOCK_ENABLE_OUTPUT_A              ; NORMAL               ; Untyped                        ;
; CLOCK_ENABLE_OUTPUT_B              ; NORMAL               ; Untyped                        ;
; CLOCK_ENABLE_CORE_A                ; USE_INPUT_CLKEN      ; Untyped                        ;
; CLOCK_ENABLE_CORE_B                ; USE_INPUT_CLKEN      ; Untyped                        ;
; ENABLE_ECC                         ; FALSE                ; Untyped                        ;
; ECC_PIPELINE_STAGE_ENABLED         ; FALSE                ; Untyped                        ;
; WIDTH_ECCSTATUS                    ; 3                    ; Untyped                        ;
; DEVICE_FAMILY                      ; Cyclone IV E         ; Untyped                        ;
; CBXI_PARAMETER                     ; altsyncram_42e1      ; Untyped                        ;
+------------------------------------+----------------------+--------------------------------+
Note: In order to hide this table in the UI and the text report file, please set the "Show Parameter Settings in Synthesis Report" option in "Analysis and Synthesis Settings -> More Settings" to "Off".


+----------------------------------------------------------+
; Parameter Settings for User Entity Instance: reg_file:rf ;
+----------------+-------+---------------------------------+
; Parameter Name ; Value ; Type                            ;
+----------------+-------+---------------------------------+
; addr_width_p   ; 6     ; Signed Integer                  ;
+----------------+-------+---------------------------------+
Note: In order to hide this table in the UI and the text report file, please set the "Show Parameter Settings in Synthesis Report" option in "Analysis and Synthesis Settings -> More Settings" to "Off".


+------------------------------------------------------------------+
; Parameter Settings for Inferred Entity Instance: lpm_divide:Mod0 ;
+------------------------+----------------+------------------------+
; Parameter Name         ; Value          ; Type                   ;
+------------------------+----------------+------------------------+
; LPM_WIDTHN             ; 3              ; Untyped                ;
; LPM_WIDTHD             ; 2              ; Untyped                ;
; LPM_NREPRESENTATION    ; UNSIGNED       ; Untyped                ;
; LPM_DREPRESENTATION    ; UNSIGNED       ; Untyped                ;
; LPM_PIPELINE           ; 0              ; Untyped                ;
; LPM_REMAINDERPOSITIVE  ; TRUE           ; Untyped                ;
; MAXIMIZE_SPEED         ; 5              ; Untyped                ;
; CBXI_PARAMETER         ; lpm_divide_f9m ; Untyped                ;
; CARRY_CHAIN            ; MANUAL         ; Untyped                ;
; OPTIMIZE_FOR_SPEED     ; 5              ; Untyped                ;
; AUTO_CARRY_CHAINS      ; ON             ; AUTO_CARRY             ;
; IGNORE_CARRY_BUFFERS   ; OFF            ; IGNORE_CARRY           ;
; AUTO_CASCADE_CHAINS    ; ON             ; AUTO_CASCADE           ;
; IGNORE_CASCADE_BUFFERS ; OFF            ; IGNORE_CASCADE         ;
+------------------------+----------------+------------------------+
Note: In order to hide this table in the UI and the text report file, please set the "Show Parameter Settings in Synthesis Report" option in "Analysis and Synthesis Settings -> More Settings" to "Off".


+-------------------------------------------------------------------------------------------+
; altsyncram Parameter Settings by Entity Instance                                          ;
+-------------------------------------------+-----------------------------------------------+
; Name                                      ; Value                                         ;
+-------------------------------------------+-----------------------------------------------+
; Number of entity instances                ; 1                                             ;
; Entity Instance                           ; instr_mem:imem|altsyncram:mem[0].opcode[4]__1 ;
;     -- OPERATION_MODE                     ; DUAL_PORT                                     ;
;     -- WIDTH_A                            ; 16                                            ;
;     -- NUMWORDS_A                         ; 1024                                          ;
;     -- OUTDATA_REG_A                      ; UNREGISTERED                                  ;
;     -- WIDTH_B                            ; 16                                            ;
;     -- NUMWORDS_B                         ; 1024                                          ;
;     -- ADDRESS_REG_B                      ; CLOCK1                                        ;
;     -- OUTDATA_REG_B                      ; UNREGISTERED                                  ;
;     -- RAM_BLOCK_TYPE                     ; AUTO                                          ;
;     -- READ_DURING_WRITE_MODE_MIXED_PORTS ; DONT_CARE                                     ;
+-------------------------------------------+-----------------------------------------------+


+--------------------------------------------------------------------------------------------------------------------------+
; Port Connectivity Checks: "cl_decode:decode"                                                                             ;
+----------------+--------+----------+-------------------------------------------------------------------------------------+
; Port           ; Type   ; Severity ; Details                                                                             ;
+----------------+--------+----------+-------------------------------------------------------------------------------------+
; is_load_op_o   ; Output ; Info     ; Connected to dangling logic. Logic that only feeds a dangling port will be removed. ;
; op_writes_rf_o ; Output ; Info     ; Connected to dangling logic. Logic that only feeds a dangling port will be removed. ;
; is_store_op_o  ; Output ; Info     ; Connected to dangling logic. Logic that only feeds a dangling port will be removed. ;
; is_mem_op_o    ; Output ; Info     ; Connected to dangling logic. Logic that only feeds a dangling port will be removed. ;
; is_byte_op_o   ; Output ; Info     ; Connected to dangling logic. Logic that only feeds a dangling port will be removed. ;
+----------------+--------+----------+-------------------------------------------------------------------------------------+


+-----------------------------------------------------+
; Post-Synthesis Netlist Statistics for Top Partition ;
+-----------------------+-----------------------------+
; Type                  ; Count                       ;
+-----------------------+-----------------------------+
; boundary_port         ; 272                         ;
; cycloneiii_ff         ; 2187                        ;
;     ENA               ; 2141                        ;
;     ENA SCLR          ; 23                          ;
;     SCLR              ; 5                           ;
;     plain             ; 18                          ;
; cycloneiii_lcell_comb ; 4048                        ;
;     arith             ; 145                         ;
;         2 data inputs ; 12                          ;
;         3 data inputs ; 133                         ;
;     normal            ; 3903                        ;
;         0 data inputs ; 2                           ;
;         1 data inputs ; 1                           ;
;         2 data inputs ; 147                         ;
;         3 data inputs ; 295                         ;
;         4 data inputs ; 3458                        ;
; cycloneiii_ram_block  ; 16                          ;
;                       ;                             ;
; Max LUT depth         ; 13.00                       ;
; Average LUT depth     ; 7.70                        ;
+-----------------------+-----------------------------+


+-------------------------------+
; Elapsed Time Per Partition    ;
+----------------+--------------+
; Partition Name ; Elapsed Time ;
+----------------+--------------+
; Top            ; 00:00:21     ;
+----------------+--------------+


+-------------------------------+
; Analysis & Synthesis Messages ;
+-------------------------------+
Info: *******************************************************************
Info: Running Quartus II 64-Bit Analysis & Synthesis
    Info: Version 14.0.0 Build 200 06/17/2014 SJ Web Edition
    Info: Processing started: Fri May 22 22:36:59 2015
Info: Command: quartus_map --read_settings_files=on --write_settings_files=off lab3 -c core
Warning (20028): Parallel compilation is not licensed and has been disabled
Info (12021): Found 1 design units, including 1 entities, in source file reg_file.sv
    Info (12023): Found entity 1: reg_file
Info (12021): Found 1 design units, including 1 entities, in source file net_packet_logger_s.sv
    Info (12023): Found entity 1: network_packet_s_logger
Info (12021): Found 1 design units, including 1 entities, in source file miner_tb.sv
    Info (12023): Found entity 1: miner_tb
Info (12021): Found 1 design units, including 1 entities, in source file instr_mem.sv
    Info (12023): Found entity 1: instr_mem
Info (12021): Found 0 design units, including 0 entities, in source file disassemble.sv
Info (12021): Found 0 design units, including 0 entities, in source file definitions.sv
Info (12021): Found 1 design units, including 1 entities, in source file data_mem.sv
    Info (12023): Found entity 1: data_mem
Warning (10274): Verilog HDL macro warning at core_tb.sv(9): overriding existing definition for macro "half_period", which was defined in "miner_tb.sv", line 13
Info (12021): Found 1 design units, including 1 entities, in source file core_tb.sv
    Info (12023): Found entity 1: core_tb
Info (12021): Found 1 design units, including 1 entities, in source file core_flattened.sv
    Info (12023): Found entity 1: core_flattened
Info (12021): Found 1 design units, including 1 entities, in source file core.sv
    Info (12023): Found entity 1: core
Info (12021): Found 1 design units, including 1 entities, in source file cl_state_machine.sv
    Info (12023): Found entity 1: cl_state_machine
Info (12021): Found 1 design units, including 1 entities, in source file cl_decode.sv
    Info (12023): Found entity 1: cl_decode
Info (12021): Found 1 design units, including 1 entities, in source file alu.sv
    Info (12023): Found entity 1: alu
Info (12127): Elaborating entity "core" for the top level hierarchy
Warning (10036): Verilog HDL or VHDL warning at core.sv(20): object "if_id_i" assigned a value but never read
Warning (10858): Verilog HDL warning at core.sv(74): object ctrl_o used but never assigned
Warning (10230): Verilog HDL assignment warning at core.sv(131): truncated value with size 2 to match size of target (1)
Warning (10230): Verilog HDL assignment warning at core.sv(188): truncated value with size 14 to match size of target (10)
Warning (10230): Verilog HDL assignment warning at core.sv(205): truncated value with size 65 to match size of target (10)
Warning (10230): Verilog HDL assignment warning at core.sv(232): truncated value with size 32 to match size of target (2)
Warning (10230): Verilog HDL assignment warning at core.sv(308): truncated value with size 14 to match size of target (10)
Warning (10030): Net "ctrl_o.is_load_op_c" at core.sv(74) has no driver or initial value, using a default initial value '0'
Warning (10030): Net "ctrl_o.is_store_op_c" at core.sv(74) has no driver or initial value, using a default initial value '0'
Warning (10030): Net "ctrl_o.is_byte_op_c" at core.sv(74) has no driver or initial value, using a default initial value '0'
Warning (10030): Net "ctrl_o.op_writes_rf_c" at core.sv(74) has no driver or initial value, using a default initial value '0'
Warning (10030): Net "ctrl_o.is_mem_op_c" at core.sv(74) has no driver or initial value, using a default initial value '0'
Info (12128): Elaborating entity "instr_mem" for hierarchy "instr_mem:imem"
Warning (276027): Inferred dual-clock RAM node "instr_mem:imem|altsyncram:mem[0].opcode[4]__1" from synchronous design logic.  The read-during-write behavior of a dual-clock RAM is undefined and may not match the behavior of the original design.
Info (19000): Inferred 1 megafunctions from design logic
    Info (276029): Inferred altsyncram megafunction from the following design logic: "instr_mem:imem|altsyncram:mem[0].opcode[4]__1" 
        Info (286033): Parameter OPERATION_MODE set to DUAL_PORT
        Info (286033): Parameter WIDTH_A set to 16
        Info (286033): Parameter WIDTHAD_A set to 10
        Info (286033): Parameter NUMWORDS_A set to 1024
        Info (286033): Parameter WIDTH_B set to 16
        Info (286033): Parameter WIDTHAD_B set to 10
        Info (286033): Parameter NUMWORDS_B set to 1024
        Info (286033): Parameter ADDRESS_ACLR_A set to NONE
        Info (286033): Parameter OUTDATA_REG_B set to UNREGISTERED
        Info (286033): Parameter ADDRESS_ACLR_B set to NONE
        Info (286033): Parameter OUTDATA_ACLR_B set to NONE
        Info (286033): Parameter ADDRESS_REG_B set to CLOCK1
        Info (286033): Parameter INDATA_ACLR_A set to NONE
        Info (286033): Parameter WRCONTROL_ACLR_A set to NONE
Info (12128): Elaborating entity "altsyncram" for hierarchy "instr_mem:imem|altsyncram:mem[0].opcode[4]__1"
Info (12130): Elaborated megafunction instantiation "instr_mem:imem|altsyncram:mem[0].opcode[4]__1"
Info (12133): Instantiated megafunction "instr_mem:imem|altsyncram:mem[0].opcode[4]__1" with the following parameter:
    Info (12134): Parameter "OPERATION_MODE" = "DUAL_PORT"
    Info (12134): Parameter "WIDTH_A" = "16"
    Info (12134): Parameter "WIDTHAD_A" = "10"
    Info (12134): Parameter "NUMWORDS_A" = "1024"
    Info (12134): Parameter "WIDTH_B" = "16"
    Info (12134): Parameter "WIDTHAD_B" = "10"
    Info (12134): Parameter "NUMWORDS_B" = "1024"
    Info (12134): Parameter "ADDRESS_ACLR_A" = "NONE"
    Info (12134): Parameter "OUTDATA_REG_B" = "UNREGISTERED"
    Info (12134): Parameter "ADDRESS_ACLR_B" = "NONE"
    Info (12134): Parameter "OUTDATA_ACLR_B" = "NONE"
    Info (12134): Parameter "ADDRESS_REG_B" = "CLOCK1"
    Info (12134): Parameter "INDATA_ACLR_A" = "NONE"
    Info (12134): Parameter "WRCONTROL_ACLR_A" = "NONE"
Info (12021): Found 1 design units, including 1 entities, in source file db/altsyncram_42e1.tdf
    Info (12023): Found entity 1: altsyncram_42e1
Info (12128): Elaborating entity "altsyncram_42e1" for hierarchy "instr_mem:imem|altsyncram:mem[0].opcode[4]__1|altsyncram_42e1:auto_generated"
Info (12128): Elaborating entity "reg_file" for hierarchy "reg_file:rf"
Info (12128): Elaborating entity "alu" for hierarchy "alu:alu_1"
Info (12128): Elaborating entity "cl_state_machine" for hierarchy "cl_state_machine:state_machine"
Info (12128): Elaborating entity "cl_decode" for hierarchy "cl_decode:decode"
Info (276014): Found 1 instances of uninferred RAM logic
    Info (276007): RAM logic "reg_file:rf|RF" is uninferred due to asynchronous read logic
Info (278001): Inferred 1 megafunctions from design logic
    Info (278004): Inferred divider/modulo megafunction ("lpm_divide") from the following logic: "Mod0"
Info (12130): Elaborated megafunction instantiation "lpm_divide:Mod0"
Info (12133): Instantiated megafunction "lpm_divide:Mod0" with the following parameter:
    Info (12134): Parameter "LPM_WIDTHN" = "3"
    Info (12134): Parameter "LPM_WIDTHD" = "2"
    Info (12134): Parameter "LPM_NREPRESENTATION" = "UNSIGNED"
    Info (12134): Parameter "LPM_DREPRESENTATION" = "UNSIGNED"
Info (12021): Found 1 design units, including 1 entities, in source file db/lpm_divide_f9m.tdf
    Info (12023): Found entity 1: lpm_divide_f9m
Info (12021): Found 1 design units, including 1 entities, in source file db/sign_div_unsign_4kh.tdf
    Info (12023): Found entity 1: sign_div_unsign_4kh
Info (12021): Found 1 design units, including 1 entities, in source file db/alt_u_div_s3f.tdf
    Info (12023): Found entity 1: alt_u_div_s3f
Info (12021): Found 1 design units, including 1 entities, in source file db/add_sub_7pc.tdf
    Info (12023): Found entity 1: add_sub_7pc
Info (12021): Found 1 design units, including 1 entities, in source file db/add_sub_8pc.tdf
    Info (12023): Found entity 1: add_sub_8pc
Warning (13024): Output pins are stuck at VCC or GND
    Warning (13410): Pin "to_mem_o.byte_not_word" is stuck at GND
    Warning (13410): Pin "to_mem_o.wen" is stuck at GND
    Warning (13410): Pin "to_mem_o.valid" is stuck at GND
Info (286030): Timing-Driven Synthesis is running
Info (144001): Generated suppressed messages file /Desktop/CSE/CSE141L/LAB3/lab3/output_files/core.map.smsg
Info (16010): Generating hard_block partition "hard_block:auto_generated_inst"
    Info (16011): Adding 0 node(s), including 0 DDIO, 0 PLL, 0 transceiver and 0 LCELL
Warning (21074): Design contains 32 input pin(s) that do not drive logic
    Warning (15610): No output dependent on input pin "from_mem_i.read_data[0]"
    Warning (15610): No output dependent on input pin "from_mem_i.read_data[1]"
    Warning (15610): No output dependent on input pin "from_mem_i.read_data[2]"
    Warning (15610): No output dependent on input pin "from_mem_i.read_data[3]"
    Warning (15610): No output dependent on input pin "from_mem_i.read_data[4]"
    Warning (15610): No output dependent on input pin "from_mem_i.read_data[5]"
    Warning (15610): No output dependent on input pin "from_mem_i.read_data[6]"
    Warning (15610): No output dependent on input pin "from_mem_i.read_data[7]"
    Warning (15610): No output dependent on input pin "from_mem_i.read_data[8]"
    Warning (15610): No output dependent on input pin "from_mem_i.read_data[9]"
    Warning (15610): No output dependent on input pin "from_mem_i.read_data[10]"
    Warning (15610): No output dependent on input pin "from_mem_i.read_data[11]"
    Warning (15610): No output dependent on input pin "from_mem_i.read_data[12]"
    Warning (15610): No output dependent on input pin "from_mem_i.read_data[13]"
    Warning (15610): No output dependent on input pin "from_mem_i.read_data[14]"
    Warning (15610): No output dependent on input pin "from_mem_i.read_data[15]"
    Warning (15610): No output dependent on input pin "from_mem_i.read_data[16]"
    Warning (15610): No output dependent on input pin "from_mem_i.read_data[17]"
    Warning (15610): No output dependent on input pin "from_mem_i.read_data[18]"
    Warning (15610): No output dependent on input pin "from_mem_i.read_data[19]"
    Warning (15610): No output dependent on input pin "from_mem_i.read_data[20]"
    Warning (15610): No output dependent on input pin "from_mem_i.read_data[21]"
    Warning (15610): No output dependent on input pin "from_mem_i.read_data[22]"
    Warning (15610): No output dependent on input pin "from_mem_i.read_data[23]"
    Warning (15610): No output dependent on input pin "from_mem_i.read_data[24]"
    Warning (15610): No output dependent on input pin "from_mem_i.read_data[25]"
    Warning (15610): No output dependent on input pin "from_mem_i.read_data[26]"
    Warning (15610): No output dependent on input pin "from_mem_i.read_data[27]"
    Warning (15610): No output dependent on input pin "from_mem_i.read_data[28]"
    Warning (15610): No output dependent on input pin "from_mem_i.read_data[29]"
    Warning (15610): No output dependent on input pin "from_mem_i.read_data[30]"
    Warning (15610): No output dependent on input pin "from_mem_i.read_data[31]"
Info (21057): Implemented 6383 device resources after synthesis - the final resource count might be different
    Info (21058): Implemented 101 input pins
    Info (21059): Implemented 171 output pins
    Info (21061): Implemented 6095 logic cells
    Info (21064): Implemented 16 RAM segments
Info: Quartus II 64-Bit Analysis & Synthesis was successful. 0 errors, 52 warnings
    Info: Peak virtual memory: 637 megabytes
    Info: Processing ended: Fri May 22 22:37:29 2015
    Info: Elapsed time: 00:00:30
    Info: Total CPU time (on all processors): 00:00:28


+------------------------------------------+
; Analysis & Synthesis Suppressed Messages ;
+------------------------------------------+
The suppressed messages can be found in /Desktop/CSE/CSE141L/LAB3/lab3/output_files/core.map.smsg.


